-------------------------------------------------------------------------------
Test set: tut4.TestCalc
-------------------------------------------------------------------------------
Tests run: 2, Failures: 1, Errors: 0, Skipped: 0, Time elapsed: 0.071 s <<< FAILURE! - in tut4.TestCalc
testSubtract  Time elapsed: 0.019 s  <<< FAILURE!
org.opentest4j.AssertionFailedError: expected: <8> but was: <2>
	at tut4.TestCalc.testSubtract(TestCalc.java:15)

